20:30:22 04.03.2023 InternalLoggerFactory: DEBUG- Using Log4J2 as the default logging framework
20:30:22 04.03.2023 ResourceLeakDetector: DEBUG- -Dio.netty.leakDetection.level: simple
20:30:22 04.03.2023 ResourceLeakDetector: DEBUG- -Dio.netty.leakDetection.targetRecords: 4
20:30:22 04.03.2023 ResourceLeakDetectorFactory: DEBUG- Loaded default ResourceLeakDetector: io.netty.util.ResourceLeakDetector@24d09c1
20:30:22 04.03.2023 PlatformDependent0: DEBUG- -Dio.netty.noUnsafe: false
20:30:22 04.03.2023 PlatformDependent0: DEBUG- Java version: 8
20:30:22 04.03.2023 PlatformDependent0: DEBUG- sun.misc.Unsafe.theUnsafe: available
20:30:22 04.03.2023 PlatformDependent0: DEBUG- sun.misc.Unsafe.copyMemory: available
20:30:22 04.03.2023 PlatformDependent0: DEBUG- sun.misc.Unsafe.storeFence: available
20:30:22 04.03.2023 PlatformDependent0: DEBUG- java.nio.Buffer.address: available
20:30:22 04.03.2023 PlatformDependent0: DEBUG- direct buffer constructor: available
20:30:22 04.03.2023 PlatformDependent0: DEBUG- java.nio.Bits.unaligned: available, true
20:30:22 04.03.2023 PlatformDependent0: DEBUG- jdk.internal.misc.Unsafe.allocateUninitializedArray(int): unavailable prior to Java9
20:30:22 04.03.2023 PlatformDependent0: DEBUG- java.nio.DirectByteBuffer.<init>(long, int): available
20:30:22 04.03.2023 PlatformDependent: DEBUG- sun.misc.Unsafe: available
20:30:22 04.03.2023 PlatformDependent: DEBUG- -Dio.netty.tmpdir: /var/folders/75/1ck289d97vs0gsm4d__lf8lh00x72q/T (java.io.tmpdir)
20:30:22 04.03.2023 PlatformDependent: DEBUG- -Dio.netty.bitMode: 64 (sun.arch.data.model)
20:30:22 04.03.2023 PlatformDependent: DEBUG- Platform: MacOS
20:30:22 04.03.2023 PlatformDependent: DEBUG- -Dio.netty.maxDirectMemory: 3817865216 bytes
20:30:22 04.03.2023 PlatformDependent: DEBUG- -Dio.netty.uninitializedArrayAllocationThreshold: -1
20:30:22 04.03.2023 CleanerJava6: DEBUG- java.nio.ByteBuffer.cleaner(): available
20:30:22 04.03.2023 PlatformDependent: DEBUG- -Dio.netty.noPreferDirect: false
20:30:22 04.03.2023 PlatformDependent: DEBUG- org.jctools-core.MpscChunkedArrayQueue: available
20:30:22 04.03.2023 InternalThreadLocalMap: DEBUG- -Dio.netty.threadLocalMap.stringBuilder.initialSize: 1024
20:30:22 04.03.2023 InternalThreadLocalMap: DEBUG- -Dio.netty.threadLocalMap.stringBuilder.maxSize: 4096
20:30:22 04.03.2023 JdkSslContext: DEBUG- Default protocols (JDK): [TLSv1.2, TLSv1.1, TLSv1] 
20:30:22 04.03.2023 JdkSslContext: DEBUG- Default cipher suites (JDK): [TLS_ECDHE_ECDSA_WITH_AES_256_GCM_SHA384, TLS_ECDHE_ECDSA_WITH_AES_128_GCM_SHA256, TLS_ECDHE_RSA_WITH_AES_128_GCM_SHA256, TLS_ECDHE_RSA_WITH_AES_256_GCM_SHA384, TLS_ECDHE_RSA_WITH_AES_128_CBC_SHA, TLS_ECDHE_RSA_WITH_AES_256_CBC_SHA, TLS_RSA_WITH_AES_128_GCM_SHA256, TLS_RSA_WITH_AES_128_CBC_SHA, TLS_RSA_WITH_AES_256_CBC_SHA]
20:30:22 04.03.2023 MultithreadEventLoopGroup: DEBUG- -Dio.netty.eventLoopThreads: 16
20:30:22 04.03.2023 NioEventLoop: DEBUG- -Dio.netty.noKeySetOptimization: false
20:30:22 04.03.2023 NioEventLoop: DEBUG- -Dio.netty.selectorAutoRebuildThreshold: 512
20:30:22 04.03.2023 PooledByteBufAllocator: DEBUG- -Dio.netty.allocator.numHeapArenas: 16
20:30:22 04.03.2023 PooledByteBufAllocator: DEBUG- -Dio.netty.allocator.numDirectArenas: 16
20:30:22 04.03.2023 PooledByteBufAllocator: DEBUG- -Dio.netty.allocator.pageSize: 8192
20:30:22 04.03.2023 PooledByteBufAllocator: DEBUG- -Dio.netty.allocator.maxOrder: 9
20:30:22 04.03.2023 PooledByteBufAllocator: DEBUG- -Dio.netty.allocator.chunkSize: 4194304
20:30:22 04.03.2023 PooledByteBufAllocator: DEBUG- -Dio.netty.allocator.smallCacheSize: 256
20:30:22 04.03.2023 PooledByteBufAllocator: DEBUG- -Dio.netty.allocator.normalCacheSize: 64
20:30:22 04.03.2023 PooledByteBufAllocator: DEBUG- -Dio.netty.allocator.maxCachedBufferCapacity: 32768
20:30:22 04.03.2023 PooledByteBufAllocator: DEBUG- -Dio.netty.allocator.cacheTrimInterval: 8192
20:30:22 04.03.2023 PooledByteBufAllocator: DEBUG- -Dio.netty.allocator.cacheTrimIntervalMillis: 0
20:30:22 04.03.2023 PooledByteBufAllocator: DEBUG- -Dio.netty.allocator.useCacheForAllThreads: false
20:30:22 04.03.2023 PooledByteBufAllocator: DEBUG- -Dio.netty.allocator.maxCachedByteBuffersPerChunk: 1023
20:30:22 04.03.2023 ByteBufUtil: DEBUG- -Dio.netty.allocator.type: pooled
20:30:22 04.03.2023 ByteBufUtil: DEBUG- -Dio.netty.threadLocalDirectBufferSize: 0
20:30:22 04.03.2023 ByteBufUtil: DEBUG- -Dio.netty.maxThreadLocalCharBufferSize: 16384
20:30:22 04.03.2023 DefaultChannelId: DEBUG- -Dio.netty.processId: 85593 (auto-detected)
20:30:22 04.03.2023 NetUtil: DEBUG- -Djava.net.preferIPv4Stack: false
20:30:22 04.03.2023 NetUtil: DEBUG- -Djava.net.preferIPv6Addresses: false
20:30:22 04.03.2023 NetUtilInitializations: DEBUG- Loopback interface: lo0 (lo0, 0:0:0:0:0:0:0:1%lo0)
20:30:22 04.03.2023 NetUtil: DEBUG- Failed to get SOMAXCONN from sysctl and file /proc/sys/net/core/somaxconn. Default: 128
20:30:22 04.03.2023 DefaultChannelId: DEBUG- -Dio.netty.machineId: ac:de:48:ff:fe:00:11:22 (auto-detected)
20:30:22 04.03.2023 AbstractByteBuf: DEBUG- -Dio.netty.buffer.checkAccessible: true
20:30:22 04.03.2023 AbstractByteBuf: DEBUG- -Dio.netty.buffer.checkBounds: true
20:30:22 04.03.2023 ResourceLeakDetectorFactory: DEBUG- Loaded default ResourceLeakDetector: io.netty.util.ResourceLeakDetector@77efd4d5
20:30:22 04.03.2023 Recycler: DEBUG- -Dio.netty.recycler.maxCapacityPerThread: 4096
20:30:22 04.03.2023 Recycler: DEBUG- -Dio.netty.recycler.ratio: 8
20:30:22 04.03.2023 Recycler: DEBUG- -Dio.netty.recycler.chunkSize: 32
20:30:22 04.03.2023 Recycler: DEBUG- -Dio.netty.recycler.blocking: false
20:30:24 04.03.2023 Brotli: DEBUG- brotli4j not in the classpath; Brotli support will be unavailable.
20:30:24 04.03.2023 ThreadLocalRandom: DEBUG- -Dio.netty.initialSeedUniquifier: 0xdc67c4a5002d5df2
20:30:27 04.03.2023 SearchPage: INFO - [0;34mPage object of SearchPageBooks.SearchPage[0m
20:30:27 04.03.2023 SearchPage: INFO - [0;34mPage object of SearchPageBooks.SearchPage[0m
20:30:30 04.03.2023 SearchPage: INFO - [0;34mPage object of SearchPageBooks.SearchResultsPage[0m
20:30:30 04.03.2023 SearchPage: INFO - [0;34mPage object of SearchPageBooks.SearchResultsPage[0m
20:30:31 04.03.2023 SearchPage: INFO - [0;34mPage object of SearchPageBooks.SearchResultsPage[0m
